# JRE version: OpenJDK Runtime Environment JBR-17.0.8+7-1000.22-jcef (17.0.8+7) (build 17.0.8+7-b1000.22)
# Java VM: OpenJDK 64-Bit Server VM JBR-17.0.8+7-1000.22-jcef (17.0.8+7-b1000.22, mixed mode, tiered, compressed oops, compressed class ptrs, g1 gc, windows-amd64)
GC Precious Log:
 CPUs: 8 total, 8 available
 Memory: 16256M
 Large Page Support: Disabled
 NUMA Support: Disabled
 Compressed Oops: Enabled (32-bit)
 Heap Region Size: 1M
 Heap Min Capacity: 256M
 Heap Initial Capacity: 256M
 Heap Max Capacity: 512M
 Pre-touch: Disabled
 Parallel Workers: 8
 Concurrent Workers: 2
 Concurrent Refinement Workers: 8
 Periodic GC: Disabled
Heap:
 garbage-first heap   total 262144K, used 101376K [0x00000000e0000000, 0x0000000100000000)
  region size 1024K, 39 young (39936K), 10 survivors (10240K)
 Metaspace       used 81568K, committed 82752K, reserved 458752K
  class space    used 10770K, committed 11328K, reserved 327680K
GC Heap History (20 events):
Event: 773.023 GC heap before
{Heap before GC invocations=17 (full 0):
 garbage-first heap   total 262144K, used 204798K [0x00000000e0000000, 0x0000000100000000)
  region size 1024K, 139 young (142336K), 9 survivors (9216K)
 Metaspace       used 78978K, committed 79680K, reserved 458752K
  class space    used 10449K, committed 10752K, reserved 327680K
}
Event: 773.025 GC heap after
{Heap after GC invocations=18 (full 0):
 garbage-first heap   total 262144K, used 65133K [0x00000000e0000000, 0x0000000100000000)
  region size 1024K, 2 young (2048K), 2 survivors (2048K)
 Metaspace       used 78978K, committed 79680K, reserved 458752K
  class space    used 10449K, committed 10752K, reserved 327680K
}
Event: 1235.441 GC heap before
{Heap before GC invocations=18 (full 0):
 garbage-first heap   total 262144K, used 209517K [0x00000000e0000000, 0x0000000100000000)
  region size 1024K, 144 young (147456K), 2 survivors (2048K)
 Metaspace       used 79345K, committed 80128K, reserved 458752K
  class space    used 10465K, committed 10816K, reserved 327680K
}
Event: 1235.445 GC heap after
{Heap after GC invocations=19 (full 0):
 garbage-first heap   total 262144K, used 66839K [0x00000000e0000000, 0x0000000100000000)
  region size 1024K, 4 young (4096K), 4 survivors (4096K)
 Metaspace       used 79345K, committed 80128K, reserved 458752K
  class space    used 10465K, committed 10816K, reserved 327680K
}
Event: 1262.144 GC heap before
{Heap before GC invocations=19 (full 0):
 garbage-first heap   total 262144K, used 212247K [0x00000000e0000000, 0x0000000100000000)
  region size 1024K, 147 young (150528K), 4 survivors (4096K)
 Metaspace       used 79491K, committed 80256K, reserved 458752K
  class space    used 10467K, committed 10816K, reserved 327680K
}
Event: 1262.149 GC heap after
{Heap after GC invocations=20 (full 0):
 garbage-first heap   total 262144K, used 68825K [0x00000000e0000000, 0x0000000100000000)
  region size 1024K, 6 young (6144K), 6 survivors (6144K)
 Metaspace       used 79491K, committed 80256K, reserved 458752K
  class space    used 10467K, committed 10816K, reserved 327680K
}
Event: 1263.629 GC heap before
{Heap before GC invocations=20 (full 0):
 garbage-first heap   total 262144K, used 213209K [0x00000000e0000000, 0x0000000100000000)
  region size 1024K, 148 young (151552K), 6 survivors (6144K)
 Metaspace       used 79591K, committed 80320K, reserved 458752K
  class space    used 10467K, committed 10816K, reserved 327680K
}
Event: 1263.636 GC heap after
{Heap after GC invocations=21 (full 0):
 garbage-first heap   total 262144K, used 71648K [0x00000000e0000000, 0x0000000100000000)
  region size 1024K, 8 young (8192K), 8 survivors (8192K)
 Metaspace       used 79591K, committed 80320K, reserved 458752K
  class space    used 10467K, committed 10816K, reserved 327680K
}
Event: 1266.791 GC heap before
{Heap before GC invocations=21 (full 0):
 garbage-first heap   total 262144K, used 212960K [0x00000000e0000000, 0x0000000100000000)
  region size 1024K, 147 young (150528K), 8 survivors (8192K)
 Metaspace       used 79695K, committed 80384K, reserved 458752K
  class space    used 10467K, committed 10816K, reserved 327680K
}
Event: 1266.799 GC heap after
{Heap after GC invocations=22 (full 0):
 garbage-first heap   total 262144K, used 72528K [0x00000000e0000000, 0x0000000100000000)
  region size 1024K, 9 young (9216K), 9 survivors (9216K)
 Metaspace       used 79695K, committed 80384K, reserved 458752K
  class space    used 10467K, committed 10816K, reserved 327680K
}
Event: 1346.745 GC heap before
{Heap before GC invocations=22 (full 0):
 garbage-first heap   total 262144K, used 210768K [0x00000000e0000000, 0x0000000100000000)
  region size 1024K, 145 young (148480K), 9 survivors (9216K)
 Metaspace       used 79825K, committed 80576K, reserved 458752K
  class space    used 10467K, committed 10816K, reserved 327680K
}
Event: 1346.750 GC heap after
{Heap after GC invocations=23 (full 0):
 garbage-first heap   total 262144K, used 66535K [0x00000000e0000000, 0x0000000100000000)
  region size 1024K, 3 young (3072K), 3 survivors (3072K)
 Metaspace       used 79825K, committed 80576K, reserved 458752K
  class space    used 10467K, committed 10816K, reserved 327680K
}
Event: 1592.439 GC heap before
{Heap before GC invocations=23 (full 0):
 garbage-first heap   total 262144K, used 213991K [0x00000000e0000000, 0x0000000100000000)
  region size 1024K, 148 young (151552K), 3 survivors (3072K)
 Metaspace       used 79907K, committed 80640K, reserved 458752K
  class space    used 10470K, committed 10816K, reserved 327680K
}
Event: 1592.444 GC heap after
{Heap after GC invocations=24 (full 0):
 garbage-first heap   total 262144K, used 67961K [0x00000000e0000000, 0x0000000100000000)
  region size 1024K, 5 young (5120K), 5 survivors (5120K)
 Metaspace       used 79907K, committed 80640K, reserved 458752K
  class space    used 10470K, committed 10816K, reserved 327680K
}
Event: 2109.444 GC heap before
{Heap before GC invocations=24 (full 0):
 garbage-first heap   total 262144K, used 215417K [0x00000000e0000000, 0x0000000100000000)
  region size 1024K, 150 young (153600K), 5 survivors (5120K)
 Metaspace       used 79998K, committed 80704K, reserved 458752K
  class space    used 10471K, committed 10816K, reserved 327680K
}
Event: 2109.449 GC heap after
{Heap after GC invocations=25 (full 0):
 garbage-first heap   total 262144K, used 69837K [0x00000000e0000000, 0x0000000100000000)
  region size 1024K, 7 young (7168K), 7 survivors (7168K)
 Metaspace       used 79998K, committed 80704K, reserved 458752K
  class space    used 10471K, committed 10816K, reserved 327680K
}
Event: 2213.680 GC heap before
{Heap before GC invocations=25 (full 0):
 garbage-first heap   total 262144K, used 214221K [0x00000000e0000000, 0x0000000100000000)
  region size 1024K, 149 young (152576K), 7 survivors (7168K)
 Metaspace       used 81432K, committed 82624K, reserved 458752K
  class space    used 10768K, committed 11328K, reserved 327680K
}
Event: 2213.688 GC heap after
{Heap after GC invocations=26 (full 0):
 garbage-first heap   total 262144K, used 72616K [0x00000000e0000000, 0x0000000100000000)
  region size 1024K, 9 young (9216K), 9 survivors (9216K)
 Metaspace       used 81432K, committed 82624K, reserved 458752K
  class space    used 10768K, committed 11328K, reserved 327680K
}
Event: 2273.472 GC heap before
{Heap before GC invocations=26 (full 0):
 garbage-first heap   total 262144K, used 212904K [0x00000000e0000000, 0x0000000100000000)
  region size 1024K, 147 young (150528K), 9 survivors (9216K)
 Metaspace       used 81517K, committed 82688K, reserved 458752K
  class space    used 10770K, committed 11328K, reserved 327680K
}
Event: 2273.480 GC heap after
{Heap after GC invocations=27 (full 0):
 garbage-first heap   total 262144K, used 73728K [0x00000000e0000000, 0x0000000100000000)
  region size 1024K, 10 young (10240K), 10 survivors (10240K)
 Metaspace       used 81517K, committed 82688K, reserved 458752K
  class space    used 10770K, committed 11328K, reserved 327680K
}

