# JRE version: OpenJDK Runtime Environment JBR-17.0.8+7-1000.22-jcef (17.0.8+7) (build 17.0.8+7-b1000.22)
# Java VM: OpenJDK 64-Bit Server VM JBR-17.0.8+7-1000.22-jcef (17.0.8+7-b1000.22, mixed mode, tiered, compressed oops, compressed class ptrs, g1 gc, windows-amd64)
GC Precious Log:
 CPUs: 8 total, 8 available
 Memory: 16256M
 Large Page Support: Disabled
 NUMA Support: Disabled
 Compressed Oops: Enabled (32-bit)
 Heap Region Size: 1M
 Heap Min Capacity: 256M
 Heap Initial Capacity: 256M
 Heap Max Capacity: 512M
 Pre-touch: Disabled
 Parallel Workers: 8
 Concurrent Workers: 2
 Concurrent Refinement Workers: 8
 Periodic GC: Disabled
Heap:
 garbage-first heap   total 293888K, used 153685K [0x00000000e0000000, 0x0000000100000000)
  region size 1024K, 13 young (13312K), 4 survivors (4096K)
 Metaspace       used 95667K, committed 96640K, reserved 458752K
  class space    used 12512K, committed 12992K, reserved 327680K
GC Heap History (20 events):
Event: 22.525 GC heap before
{Heap before GC invocations=38 (full 0):
 garbage-first heap   total 262144K, used 215964K [0x00000000e0000000, 0x0000000100000000)
  region size 1024K, 103 young (105472K), 4 survivors (4096K)
 Metaspace       used 88311K, committed 89088K, reserved 458752K
  class space    used 11843K, committed 12224K, reserved 327680K
}
Event: 22.533 GC heap after
{Heap after GC invocations=39 (full 0):
 garbage-first heap   total 262144K, used 121759K [0x00000000e0000000, 0x0000000100000000)
  region size 1024K, 11 young (11264K), 11 survivors (11264K)
 Metaspace       used 88311K, committed 89088K, reserved 458752K
  class space    used 11843K, committed 12224K, reserved 327680K
}
Event: 441.277 GC heap before
{Heap before GC invocations=39 (full 0):
 garbage-first heap   total 262144K, used 216991K [0x00000000e0000000, 0x0000000100000000)
  region size 1024K, 103 young (105472K), 11 survivors (11264K)
 Metaspace       used 94163K, committed 95104K, reserved 458752K
  class space    used 12499K, committed 12928K, reserved 327680K
}
Event: 441.290 GC heap after
{Heap after GC invocations=40 (full 0):
 garbage-first heap   total 262144K, used 129958K [0x00000000e0000000, 0x0000000100000000)
  region size 1024K, 9 young (9216K), 9 survivors (9216K)
 Metaspace       used 94163K, committed 95104K, reserved 458752K
  class space    used 12499K, committed 12928K, reserved 327680K
}
Event: 442.218 GC heap before
{Heap before GC invocations=40 (full 0):
 garbage-first heap   total 262144K, used 213926K [0x00000000e0000000, 0x0000000100000000)
  region size 1024K, 92 young (94208K), 9 survivors (9216K)
 Metaspace       used 94789K, committed 95744K, reserved 458752K
  class space    used 12542K, committed 12992K, reserved 327680K
}
Event: 442.229 GC heap after
{Heap after GC invocations=41 (full 0):
 garbage-first heap   total 262144K, used 137195K [0x00000000e0000000, 0x0000000100000000)
  region size 1024K, 8 young (8192K), 8 survivors (8192K)
 Metaspace       used 94789K, committed 95744K, reserved 458752K
  class space    used 12542K, committed 12992K, reserved 327680K
}
Event: 442.644 GC heap before
{Heap before GC invocations=42 (full 0):
 garbage-first heap   total 262144K, used 215019K [0x00000000e0000000, 0x0000000100000000)
  region size 1024K, 84 young (86016K), 8 survivors (8192K)
 Metaspace       used 94521K, committed 95808K, reserved 458752K
  class space    used 12445K, committed 12992K, reserved 327680K
}
Event: 442.650 GC heap after
{Heap after GC invocations=43 (full 0):
 garbage-first heap   total 262144K, used 139812K [0x00000000e0000000, 0x0000000100000000)
  region size 1024K, 5 young (5120K), 5 survivors (5120K)
 Metaspace       used 94521K, committed 95808K, reserved 458752K
  class space    used 12445K, committed 12992K, reserved 327680K
}
Event: 442.654 GC heap before
{Heap before GC invocations=43 (full 0):
 garbage-first heap   total 262144K, used 146980K [0x00000000e0000000, 0x0000000100000000)
  region size 1024K, 12 young (12288K), 5 survivors (5120K)
 Metaspace       used 94521K, committed 95808K, reserved 458752K
  class space    used 12445K, committed 12992K, reserved 327680K
}
Event: 442.659 GC heap after
{Heap after GC invocations=44 (full 0):
 garbage-first heap   total 262144K, used 139069K [0x00000000e0000000, 0x0000000100000000)
  region size 1024K, 1 young (1024K), 1 survivors (1024K)
 Metaspace       used 94521K, committed 95808K, reserved 458752K
  class space    used 12445K, committed 12992K, reserved 327680K
}
Event: 485.653 GC heap before
{Heap before GC invocations=44 (full 0):
 garbage-first heap   total 262144K, used 216893K [0x00000000e0000000, 0x0000000100000000)
  region size 1024K, 78 young (79872K), 1 survivors (1024K)
 Metaspace       used 95111K, committed 96064K, reserved 458752K
  class space    used 12511K, committed 12992K, reserved 327680K
}
Event: 485.659 GC heap after
{Heap after GC invocations=45 (full 0):
 garbage-first heap   total 262144K, used 144620K [0x00000000e0000000, 0x0000000100000000)
  region size 1024K, 7 young (7168K), 7 survivors (7168K)
 Metaspace       used 95111K, committed 96064K, reserved 458752K
  class space    used 12511K, committed 12992K, reserved 327680K
}
Event: 486.139 GC heap before
{Heap before GC invocations=46 (full 0):
 garbage-first heap   total 262144K, used 216300K [0x00000000e0000000, 0x0000000100000000)
  region size 1024K, 78 young (79872K), 7 survivors (7168K)
 Metaspace       used 95393K, committed 96320K, reserved 458752K
  class space    used 12514K, committed 12992K, reserved 327680K
}
Event: 486.147 GC heap after
{Heap after GC invocations=47 (full 0):
 garbage-first heap   total 262144K, used 150482K [0x00000000e0000000, 0x0000000100000000)
  region size 1024K, 7 young (7168K), 7 survivors (7168K)
 Metaspace       used 95393K, committed 96320K, reserved 458752K
  class space    used 12514K, committed 12992K, reserved 327680K
}
Event: 486.161 GC heap before
{Heap before GC invocations=47 (full 0):
 garbage-first heap   total 262144K, used 155602K [0x00000000e0000000, 0x0000000100000000)
  region size 1024K, 12 young (12288K), 7 survivors (7168K)
 Metaspace       used 95412K, committed 96384K, reserved 458752K
  class space    used 12516K, committed 12992K, reserved 327680K
}
Event: 486.168 GC heap after
{Heap after GC invocations=48 (full 0):
 garbage-first heap   total 262144K, used 142591K [0x00000000e0000000, 0x0000000100000000)
  region size 1024K, 2 young (2048K), 2 survivors (2048K)
 Metaspace       used 95412K, committed 96384K, reserved 458752K
  class space    used 12516K, committed 12992K, reserved 327680K
}
Event: 486.427 GC heap before
{Heap before GC invocations=48 (full 0):
 garbage-first heap   total 262144K, used 215295K [0x00000000e0000000, 0x0000000100000000)
  region size 1024K, 73 young (74752K), 2 survivors (2048K)
 Metaspace       used 95496K, committed 96448K, reserved 458752K
  class space    used 12516K, committed 12992K, reserved 327680K
}
Event: 486.432 GC heap after
{Heap after GC invocations=49 (full 0):
 garbage-first heap   total 262144K, used 147444K [0x00000000e0000000, 0x0000000100000000)
  region size 1024K, 6 young (6144K), 6 survivors (6144K)
 Metaspace       used 95496K, committed 96448K, reserved 458752K
  class space    used 12516K, committed 12992K, reserved 327680K
}
Event: 486.736 GC heap before
{Heap before GC invocations=50 (full 0):
 garbage-first heap   total 293888K, used 214004K [0x00000000e0000000, 0x0000000100000000)
  region size 1024K, 74 young (75776K), 6 survivors (6144K)
 Metaspace       used 95629K, committed 96576K, reserved 458752K
  class space    used 12512K, committed 12992K, reserved 327680K
}
Event: 486.741 GC heap after
{Heap after GC invocations=51 (full 0):
 garbage-first heap   total 293888K, used 145493K [0x00000000e0000000, 0x0000000100000000)
  region size 1024K, 4 young (4096K), 4 survivors (4096K)
 Metaspace       used 95629K, committed 96576K, reserved 458752K
  class space    used 12512K, committed 12992K, reserved 327680K
}

